<?xml version="1.0" encoding="UTF-8"?>
<!-- Generated by org.testng.reporters.JUnitReportReporter -->
<testsuite skipped="1" hostname="Lenovo-PC" name="com.revature.testng.TestRunner" tests="1" failures="0" timestamp="24 Aug 2018 15:23:49 GMT" time="0.000" errors="0">
  <testcase name="feature" time="0.000" classname="com.revature.testng.TestRunner">
    <skipped/>
  </testcase> <!-- feature -->
</testsuite> <!-- com.revature.testng.TestRunner -->
