<?xml version="1.0" encoding="UTF-8"?>
<!-- Generated by org.testng.reporters.JUnitReportReporter -->
<testsuite skipped="0" hostname="Lenovo-PC" name="com.revature.testng.SVPLocations" tests="5" failures="0" timestamp="17 Aug 2018 19:42:40 GMT" time="18.379" errors="0">
  <testcase name="testLoginSVP" time="1.928" classname="com.revature.testng.SVPLocations"/>
  <testcase name="testCloseApp" time="2.607" classname="com.revature.testng.SVPLocations"/>
  <testcase name="testMoveToLocationBar" time="5.828" classname="com.revature.testng.SVPLocations"/>
  <testcase name="testAppLaunch" time="4.316" classname="com.revature.testng.SVPLocations"/>
  <testcase name="testLaunchResults" time="3.700" classname="com.revature.testng.SVPLocations"/>
</testsuite> <!-- com.revature.testng.SVPLocations -->
