<?xml version="1.0" encoding="UTF-8"?>
<!-- Generated by org.testng.reporters.JUnitReportReporter -->
<testsuite skipped="0" hostname="LAPTOP-1SMV8AQQ" name="com.revature.test.TrainerLocations" tests="4" failures="0" timestamp="18 Aug 2018 21:37:07 GMT" time="16.306" errors="0">
  <testcase name="testMoveToCirculaBar" time="5.783" classname="com.revature.test.TrainerLocations"/>
  <testcase name="testLoginTrainer" time="2.119" classname="com.revature.test.TrainerLocations"/>
  <testcase name="testLaunchApp" time="8.367" classname="com.revature.test.TrainerLocations"/>
  <testcase name="testEditFocus" time="0.037" classname="com.revature.test.TrainerLocations"/>
</testsuite> <!-- com.revature.test.TrainerLocations -->
