<?xml version="1.0" encoding="UTF-8"?>
<!-- Generated by org.testng.reporters.JUnitReportReporter -->
<testsuite skipped="1" hostname="LAPTOP-1SMV8AQQ" name="com.revature.test.TestRunner" tests="1" failures="0" timestamp="17 Aug 2018 20:17:00 GMT" time="0.000" errors="0">
  <testcase name="feature" time="0.000" classname="com.revature.test.TestRunner">
    <skipped/>
  </testcase> <!-- feature -->
</testsuite> <!-- com.revature.test.TestRunner -->
