<?xml version="1.0" encoding="UTF-8"?>
<!-- Generated by org.testng.reporters.JUnitReportReporter -->
<testsuite skipped="0" hostname="LAPTOP-1SMV8AQQ" name="com.revature.test.LocationsTest" tests="2" failures="0" timestamp="16 Aug 2018 12:35:47 GMT" time="0.000" errors="0">
  <testcase name="f" time="0.000" classname="com.revature.test.LocationsTest"/>
  <testcase name="f" time="0.000" classname="com.revature.test.LocationsTest"/>
</testsuite> <!-- com.revature.test.LocationsTest -->
