<?xml version="1.0" encoding="UTF-8"?>
<!-- Generated by org.testng.reporters.JUnitReportReporter -->
<testsuite skipped="0" hostname="Lenovo-PC" name="com.revature.webdriver.Svp_overview" tests="5" failures="0" timestamp="17 Aug 2018 18:01:30 GMT" time="31.150" errors="0">
  <testcase name="testCycleSorts" time="22.425" classname="com.revature.webdriver.Svp_overview"/>
  <testcase name="testAppLaunch" time="4.500" classname="com.revature.webdriver.Svp_overview"/>
  <testcase name="testLoginSVP" time="2.405" classname="com.revature.webdriver.Svp_overview"/>
  <testcase name="testCycleBatches" time="1.250" classname="com.revature.webdriver.Svp_overview"/>
  <testcase name="testExportCSV" time="0.570" classname="com.revature.webdriver.Svp_overview"/>
</testsuite> <!-- com.revature.webdriver.Svp_overview -->
