<?xml version="1.0" encoding="UTF-8"?>
<!-- Generated by org.testng.reporters.JUnitReportReporter -->
<testsuite skipped="0" hostname="Lenovo-PC" name="com.revature.webdriver.Svp_overview" tests="5" failures="0" timestamp="17 Aug 2018 19:46:23 GMT" time="33.222" errors="0">
  <testcase name="testCycleSorts" time="22.477" classname="com.revature.webdriver.Svp_overview"/>
  <testcase name="testAppLaunch" time="4.260" classname="com.revature.webdriver.Svp_overview"/>
  <testcase name="testLoginSVP" time="2.339" classname="com.revature.webdriver.Svp_overview"/>
  <testcase name="testCycleBatches" time="3.578" classname="com.revature.webdriver.Svp_overview"/>
  <testcase name="testExportCSV" time="0.568" classname="com.revature.webdriver.Svp_overview"/>
</testsuite> <!-- com.revature.webdriver.Svp_overview -->
