<?xml version="1.0" encoding="UTF-8"?>
<!-- Generated by org.testng.reporters.JUnitReportReporter -->
<testsuite skipped="0" hostname="Lenovo-PC" name="com.revature.testng.SVPBatches" tests="1" failures="0" timestamp="24 Aug 2018 16:50:25 GMT" time="5.031" errors="0">
  <testcase name="testAppLaunch" time="5.031" classname="com.revature.testng.SVPBatches"/>
</testsuite> <!-- com.revature.testng.SVPBatches -->
